Starting daily backup...
Found 13 tables.
Starting backup...
Backup completed.
Backing up uploads to /home/kenliten/Projects/saas-projects/saas-platform-boilerplate/scripts/../storage/backups/uploads-2026-01-16-040001.tar.gz...
Cleaning up backups older than 7 days...
No backups were deleted.
Backup complete.
Starting daily backup...
Found 13 tables.
Starting backup...
Backup completed.
Backing up uploads to /home/kenliten/Projects/saas-projects/saas-platform-boilerplate/scripts/../storage/backups/uploads-2026-01-17-040001.tar.gz...
Cleaning up backups older than 7 days...
No backups were deleted.
Backup complete.
Starting daily backup...
Found 13 tables.
Starting backup...
Backup completed.
Backing up uploads to /home/kenliten/Projects/saas-projects/saas-platform-boilerplate/scripts/../storage/backups/uploads-2026-01-18-040001.tar.gz...
Cleaning up backups older than 7 days...
No backups were deleted.
Backup complete.
